<?xml version="1.0" encoding="UTF-8"?>
<testng-results ignored="0" total="3" passed="3" failed="0" skipped="0">
  <reporter-output>
  </reporter-output>
  <suite started-at="2025-01-30T17:05:04 WAT" name="Default suite" finished-at="2025-01-30T17:05:09 WAT" duration-ms="4992">
    <groups>
    </groups>
    <test started-at="2025-01-30T17:05:04 WAT" name="Default test" finished-at="2025-01-30T17:05:09 WAT" duration-ms="4992">
      <class name="RestAssured1.HTTPRequests">
        <test-method signature="getUser()[pri:1, instance:RestAssured1.HTTPRequests@f5958c9]" started-at="2025-01-30T17:05:04 WAT" name="getUser" finished-at="2025-01-30T17:05:07 WAT" duration-ms="3434" status="PASS">
          <reporter-output>
          </reporter-output>
        </test-method> <!-- getUser -->
        <test-method signature="createUser()[pri:2, instance:RestAssured1.HTTPRequests@f5958c9]" started-at="2025-01-30T17:05:07 WAT" name="createUser" finished-at="2025-01-30T17:05:08 WAT" duration-ms="938" status="PASS">
          <reporter-output>
          </reporter-output>
        </test-method> <!-- createUser -->
        <test-method signature="updateUser()[pri:3, instance:RestAssured1.HTTPRequests@f5958c9]" started-at="2025-01-30T17:05:08 WAT" name="updateUser" finished-at="2025-01-30T17:05:09 WAT" depends-on-methods="RestAssured1.HTTPRequests.createUser" duration-ms="551" status="PASS">
          <reporter-output>
          </reporter-output>
        </test-method> <!-- updateUser -->
      </class> <!-- RestAssured1.HTTPRequests -->
    </test> <!-- Default test -->
  </suite> <!-- Default suite -->
</testng-results>
